Magic happens on port 8101
signInForum | teacher id 1 was assigned.
+resolveQuestion | {"author":{"name":"alumno1","endpoint":{"host":"127.0.0.1","port":"8201"},"id":1},"topic":"tp1","content":"preg1?","answers":[],"date":1461514570717,"id":5001}
-resolveQuestion | {"id":5001,"topic":"tp1","content":"preg1?","date_ask":1461514570717,"answerId":null,"answerContent":"","answerCreationDate":null,"answerFulfillmentDate":null}

+discardQuestion | questionId 5001
-discardQuestion | questionId 5001
Warning! resolveQuestion - (by cancel) no tengo q seguir contestando, alguien fue mas rapido
+resolveQuestion | {"author":{"name":"alumno1","endpoint":{"host":"127.0.0.1","port":"8201"},"id":1},"topic":"tp1","content":"preg2?","answers":[],"date":1461514622117,"id":5002}
-resolveQuestion | {"id":5002,"topic":"tp1","content":"preg2?","date_ask":1461514622117,"answerId":null,"answerContent":"","answerCreationDate":null,"answerFulfillmentDate":null}

notifyIntendedToAnswer | answer id 102 was assigned.
sendAnswer | {"id":5002,"topic":"tp1","content":"preg2?","date_ask":1461514622117,"answerId":102,"answerContent":"rta docente1","answerCreationDate":1461514626466,"answerFulfillmentDate":1461514626472}
+resolveQuestion | {"author":{"name":"alumno1","endpoint":{"host":"127.0.0.1","port":"8201"},"id":1},"topic":"tp1","content":"preg3?","answers":[],"date":1461514627118,"id":5003}
-resolveQuestion | {"id":5003,"topic":"tp1","content":"preg3?","date_ask":1461514627118,"answerId":null,"answerContent":"","answerCreationDate":null,"answerFulfillmentDate":null}

+discardQuestion | questionId 5003
-discardQuestion | questionId 5003
Warning! resolveQuestion - (by cancel) no tengo q seguir contestando, alguien fue mas rapido
+resolveQuestion | {"author":{"name":"alumno2","endpoint":{"host":"127.0.0.1","port":"8202"},"id":2},"topic":"tp1","content":"preg3?","answers":[],"date":1461514660370,"id":5004}
-resolveQuestion | {"id":5004,"topic":"tp1","content":"preg3?","date_ask":1461514660370,"answerId":null,"answerContent":"","answerCreationDate":null,"answerFulfillmentDate":null}

+resolveQuestion | {"author":{"name":"alumno2","endpoint":{"host":"127.0.0.1","port":"8202"},"id":2},"topic":"tp1","content":"preg3?","answers":[],"date":1461514660639,"id":5005}
-resolveQuestion | {"id":5005,"topic":"tp1","content":"preg3?","date_ask":1461514660639,"answerId":null,"answerContent":"","answerCreationDate":null,"answerFulfillmentDate":null}

notifyIntendedToAnswer | answer id 104 was assigned.
sendAnswer | {"id":5005,"topic":"tp1","content":"preg3?","date_ask":1461514660639,"answerId":104,"answerContent":"rta docente1","answerCreationDate":1461514662274,"answerFulfillmentDate":1461514662279}
notifyIntendedToAnswer | Question 5004 has been already answered.
Warning! resolveQuestion - (by reject)Question 5004 has been already answered.
+discardQuestion | questionId 5004
-discardQuestion | questionId 5004
